draggablepanel/build/outputs/logs/manifest-merger-debug-report.txt
-- Merging decision tree log ---
manifest
ADDED from SportForSport\draggablepanel\AndroidManifest.xml:2:1-5:12
INJECTED from SportForSport\draggablepanel\AndroidManifest.xml:2:1-5:12
INJECTED from SportForSport\draggablepanel\AndroidManifest.xml:2:1-5:12
INJECTED from SportForSport\draggablepanel\AndroidManifest.xml:2:1-5:12
INJECTED from SportForSport\draggablepanel\AndroidManifest.xml:2:1-5:12
INJECTED from SportForSport\draggablepanel\AndroidManifest.xml:2:1-5:12
INJECTED from SportForSport\draggablepanel\AndroidManifest.xml:2:1-5:12
	package
		ADDED from SportForSport\draggablepanel\AndroidManifest.xml:2:11-40
		INJECTED from SportForSport\draggablepanel\AndroidManifest.xml
		INJECTED from SportForSport\draggablepanel\AndroidManifest.xml
	android:versionName
		INJECTED from SportForSport\draggablepanel\AndroidManifest.xml
		ADDED from SportForSport\draggablepanel\AndroidManifest.xml:2:1-5:12
		INJECTED from SportForSport\draggablepanel\AndroidManifest.xml
	xmlns:android
		ADDED from SportForSport\draggablepanel\AndroidManifest.xml:2:1-5:12
	android:versionCode
		INJECTED from SportForSport\draggablepanel\AndroidManifest.xml
		ADDED from SportForSport\draggablepanel\AndroidManifest.xml:2:1-5:12
		INJECTED from SportForSport\draggablepanel\AndroidManifest.xml
uses-sdk
INJECTED from SportForSport\draggablepanel\AndroidManifest.xml reason: use-sdk injection requested
INJECTED from SportForSport\draggablepanel\AndroidManifest.xml
INJECTED from SportForSport\draggablepanel\AndroidManifest.xml
	android:targetSdkVersion
		INJECTED from SportForSport\draggablepanel\AndroidManifest.xml
		ADDED from SportForSport\draggablepanel\AndroidManifest.xml
		INJECTED from SportForSport\draggablepanel\AndroidManifest.xml